<?xml version="1.0" encoding="UTF-8"?>
<coverage generated="1722053637716" clover="3.2.0">
  <project timestamp="1722053637716" name="All files">
    <metrics statements="102" coveredstatements="102" conditionals="32" coveredconditionals="32" methods="14" coveredmethods="14" elements="148" coveredelements="148" complexity="0" loc="102" ncloc="102" packages="1" files="2" classes="2"/>
    <file name="pool.ts" path="/Volumes/Data/Projects/nhancv/stakingpooljs/src/pool.ts">
      <metrics statements="91" coveredstatements="91" conditionals="25" coveredconditionals="25" methods="11" coveredmethods="11"/>
      <line num="3" count="1" type="stmt"/>
      <line num="6" count="1" type="stmt"/>
      <line num="7" count="45" type="stmt"/>
      <line num="23" count="1" type="stmt"/>
      <line num="46" count="1" type="stmt"/>
      <line num="47" count="1" type="stmt"/>
      <line num="48" count="1" type="stmt"/>
      <line num="49" count="1" type="stmt"/>
      <line num="50" count="1" type="stmt"/>
      <line num="51" count="1" type="stmt"/>
      <line num="52" count="1" type="stmt"/>
      <line num="53" count="1" type="stmt"/>
      <line num="54" count="1" type="stmt"/>
      <line num="55" count="1" type="stmt"/>
      <line num="56" count="1" type="stmt"/>
      <line num="57" count="1" type="stmt"/>
      <line num="58" count="1" type="stmt"/>
      <line num="63" count="6" type="stmt"/>
      <line num="68" count="7" type="cond" truecount="1" falsecount="0"/>
      <line num="69" count="6" type="cond" truecount="3" falsecount="0"/>
      <line num="70" count="5" type="cond" truecount="1" falsecount="0"/>
      <line num="72" count="4" type="stmt"/>
      <line num="75" count="4" type="cond" truecount="1" falsecount="0"/>
      <line num="76" count="2" type="stmt"/>
      <line num="79" count="4" type="stmt"/>
      <line num="80" count="4" type="cond" truecount="1" falsecount="0"/>
      <line num="81" count="3" type="stmt"/>
      <line num="85" count="4" type="cond" truecount="1" falsecount="0"/>
      <line num="86" count="2" type="stmt"/>
      <line num="89" count="4" type="cond" truecount="1" falsecount="0"/>
      <line num="90" count="3" type="stmt"/>
      <line num="99" count="4" type="stmt"/>
      <line num="100" count="4" type="cond" truecount="1" falsecount="0"/>
      <line num="101" count="1" type="stmt"/>
      <line num="104" count="4" type="stmt"/>
      <line num="106" count="4" type="stmt"/>
      <line num="107" count="4" type="stmt"/>
      <line num="109" count="4" type="stmt"/>
      <line num="110" count="4" type="stmt"/>
      <line num="111" count="4" type="stmt"/>
      <line num="112" count="4" type="stmt"/>
      <line num="113" count="4" type="stmt"/>
      <line num="118" count="8" type="cond" truecount="1" falsecount="0"/>
      <line num="119" count="7" type="cond" truecount="1" falsecount="0"/>
      <line num="121" count="6" type="stmt"/>
      <line num="122" count="6" type="cond" truecount="1" falsecount="0"/>
      <line num="123" count="5" type="cond" truecount="1" falsecount="0"/>
      <line num="125" count="4" type="stmt"/>
      <line num="127" count="4" type="stmt"/>
      <line num="128" count="4" type="stmt"/>
      <line num="129" count="4" type="cond" truecount="1" falsecount="0"/>
      <line num="130" count="4" type="stmt"/>
      <line num="131" count="4" type="stmt"/>
      <line num="134" count="3" type="stmt"/>
      <line num="135" count="3" type="stmt"/>
      <line num="136" count="3" type="stmt"/>
      <line num="138" count="3" type="stmt"/>
      <line num="139" count="3" type="stmt"/>
      <line num="141" count="3" type="stmt"/>
      <line num="143" count="3" type="stmt"/>
      <line num="148" count="1" type="stmt"/>
      <line num="149" count="1" type="stmt"/>
      <line num="150" count="1" type="cond" truecount="3" falsecount="0"/>
      <line num="151" count="1" type="stmt"/>
      <line num="152" count="1" type="stmt"/>
      <line num="153" count="1" type="stmt"/>
      <line num="155" count="1" type="stmt"/>
      <line num="160" count="4" type="stmt"/>
      <line num="165" count="1" type="stmt"/>
      <line num="166" count="1" type="stmt"/>
      <line num="167" count="1" type="stmt"/>
      <line num="172" count="8" type="cond" truecount="1" falsecount="0"/>
      <line num="173" count="1" type="stmt"/>
      <line num="174" count="1" type="stmt"/>
      <line num="176" count="7" type="cond" truecount="1" falsecount="0"/>
      <line num="177" count="2" type="stmt"/>
      <line num="179" count="5" type="stmt"/>
      <line num="180" count="5" type="stmt"/>
      <line num="181" count="5" type="stmt"/>
      <line num="182" count="5" type="stmt"/>
      <line num="187" count="6" type="cond" truecount="2" falsecount="0"/>
      <line num="188" count="2" type="stmt"/>
      <line num="189" count="4" type="cond" truecount="2" falsecount="0"/>
      <line num="190" count="2" type="stmt"/>
      <line num="192" count="2" type="stmt"/>
      <line num="198" count="4" type="stmt"/>
      <line num="199" count="4" type="stmt"/>
      <line num="200" count="4" type="cond" truecount="1" falsecount="0"/>
      <line num="202" count="3" type="stmt"/>
      <line num="203" count="3" type="stmt"/>
      <line num="204" count="3" type="stmt"/>
    </file>
    <file name="token.ts" path="/Volumes/Data/Projects/nhancv/stakingpooljs/src/token.ts">
      <metrics statements="11" coveredstatements="11" conditionals="7" coveredconditionals="7" methods="3" coveredmethods="3"/>
      <line num="1" count="1" type="stmt"/>
      <line num="5" count="2" type="stmt"/>
      <line num="9" count="12" type="cond" truecount="1" falsecount="0"/>
      <line num="11" count="11" type="cond" truecount="1" falsecount="0"/>
      <line num="12" count="11" type="cond" truecount="1" falsecount="0"/>
      <line num="14" count="11" type="cond" truecount="1" falsecount="0"/>
      <line num="16" count="10" type="stmt"/>
      <line num="17" count="10" type="stmt"/>
      <line num="21" count="5" type="cond" truecount="1" falsecount="0"/>
      <line num="23" count="4" type="cond" truecount="2" falsecount="0"/>
      <line num="24" count="1" type="stmt"/>
    </file>
  </project>
</coverage>
