{"/Volumes/Data/Projects/nhancv/stakingpooljs/src/pool.ts": {"path":"/Volumes/Data/Projects/nhancv/stakingpooljs/src/pool.ts","statementMap":{"0":{"start":{"line":3,"column":13},"end":{"line":3,"column":31}},"1":{"start":{"line":6,"column":19},"end":{"line":8,"column":1}},"2":{"start":{"line":7,"column":2},"end":{"line":7,"column":39}},"3":{"start":{"line":6,"column":13},"end":{"line":6,"column":19}},"4":{"start":{"line":46,"column":4},"end":{"line":46,"column":35}},"5":{"start":{"line":47,"column":4},"end":{"line":47,"column":35}},"6":{"start":{"line":48,"column":4},"end":{"line":48,"column":24}},"7":{"start":{"line":49,"column":4},"end":{"line":49,"column":27}},"8":{"start":{"line":50,"column":4},"end":{"line":50,"column":43}},"9":{"start":{"line":51,"column":4},"end":{"line":51,"column":31}},"10":{"start":{"line":52,"column":4},"end":{"line":52,"column":27}},"11":{"start":{"line":53,"column":4},"end":{"line":53,"column":37}},"12":{"start":{"line":54,"column":4},"end":{"line":54,"column":36}},"13":{"start":{"line":55,"column":4},"end":{"line":55,"column":30}},"14":{"start":{"line":56,"column":4},"end":{"line":56,"column":32}},"15":{"start":{"line":57,"column":4},"end":{"line":57,"column":31}},"16":{"start":{"line":58,"column":4},"end":{"line":58,"column":24}},"17":{"start":{"line":63,"column":4},"end":{"line":63,"column":63}},"18":{"start":{"line":68,"column":4},"end":{"line":68,"column":58}},"19":{"start":{"line":68,"column":21},"end":{"line":68,"column":58}},"20":{"start":{"line":69,"column":4},"end":{"line":69,"column":88}},"21":{"start":{"line":69,"column":56},"end":{"line":69,"column":88}},"22":{"start":{"line":70,"column":4},"end":{"line":70,"column":55}},"23":{"start":{"line":70,"column":21},"end":{"line":70,"column":55}},"24":{"start":{"line":72,"column":4},"end":{"line":72,"column":23}},"25":{"start":{"line":75,"column":4},"end":{"line":77,"column":null}},"26":{"start":{"line":76,"column":6},"end":{"line":76,"column":68}},"27":{"start":{"line":79,"column":17},"end":{"line":79,"column":39}},"28":{"start":{"line":80,"column":4},"end":{"line":82,"column":null}},"29":{"start":{"line":81,"column":6},"end":{"line":81,"column":39}},"30":{"start":{"line":85,"column":4},"end":{"line":87,"column":null}},"31":{"start":{"line":86,"column":6},"end":{"line":86,"column":37}},"32":{"start":{"line":89,"column":4},"end":{"line":97,"column":null}},"33":{"start":{"line":90,"column":6},"end":{"line":96,"column":8}},"34":{"start":{"line":99,"column":20},"end":{"line":99,"column":56}},"35":{"start":{"line":100,"column":4},"end":{"line":102,"column":null}},"36":{"start":{"line":101,"column":6},"end":{"line":101,"column":91}},"37":{"start":{"line":104,"column":4},"end":{"line":104,"column":55}},"38":{"start":{"line":106,"column":4},"end":{"line":106,"column":31}},"39":{"start":{"line":107,"column":4},"end":{"line":107,"column":38}},"40":{"start":{"line":109,"column":4},"end":{"line":109,"column":29}},"41":{"start":{"line":110,"column":4},"end":{"line":110,"column":29}},"42":{"start":{"line":111,"column":4},"end":{"line":111,"column":47}},"43":{"start":{"line":112,"column":4},"end":{"line":112,"column":64}},"44":{"start":{"line":113,"column":4},"end":{"line":113,"column":62}},"45":{"start":{"line":118,"column":4},"end":{"line":118,"column":59}},"46":{"start":{"line":118,"column":21},"end":{"line":118,"column":59}},"47":{"start":{"line":119,"column":4},"end":{"line":119,"column":55}},"48":{"start":{"line":119,"column":21},"end":{"line":119,"column":55}},"49":{"start":{"line":121,"column":20},"end":{"line":121,"column":56}},"50":{"start":{"line":122,"column":4},"end":{"line":122,"column":80}},"51":{"start":{"line":122,"column":33},"end":{"line":122,"column":80}},"52":{"start":{"line":123,"column":4},"end":{"line":123,"column":76}},"53":{"start":{"line":123,"column":32},"end":{"line":123,"column":76}},"54":{"start":{"line":125,"column":4},"end":{"line":125,"column":23}},"55":{"start":{"line":127,"column":4},"end":{"line":127,"column":89}},"56":{"start":{"line":128,"column":20},"end":{"line":128,"column":41}},"57":{"start":{"line":129,"column":4},"end":{"line":132,"column":null}},"58":{"start":{"line":130,"column":6},"end":{"line":130,"column":32}},"59":{"start":{"line":131,"column":6},"end":{"line":131,"column":48}},"60":{"start":{"line":134,"column":17},"end":{"line":134,"column":39}},"61":{"start":{"line":135,"column":4},"end":{"line":135,"column":31}},"62":{"start":{"line":136,"column":4},"end":{"line":136,"column":38}},"63":{"start":{"line":138,"column":4},"end":{"line":138,"column":29}},"64":{"start":{"line":139,"column":4},"end":{"line":139,"column":64}},"65":{"start":{"line":141,"column":4},"end":{"line":141,"column":55}},"66":{"start":{"line":143,"column":4},"end":{"line":143,"column":63}},"67":{"start":{"line":148,"column":20},"end":{"line":148,"column":54}},"68":{"start":{"line":149,"column":32},"end":{"line":149,"column":53}},"69":{"start":{"line":150,"column":4},"end":{"line":154,"column":null}},"70":{"start":{"line":151,"column":25},"end":{"line":151,"column":72}},"71":{"start":{"line":152,"column":26},"end":{"line":152,"column":59}},"72":{"start":{"line":153,"column":6},"end":{"line":153,"column":69}},"73":{"start":{"line":155,"column":4},"end":{"line":155,"column":97}},"74":{"start":{"line":160,"column":4},"end":{"line":160,"column":25}},"75":{"start":{"line":165,"column":4},"end":{"line":165,"column":37}},"76":{"start":{"line":166,"column":4},"end":{"line":166,"column":43}},"77":{"start":{"line":167,"column":4},"end":{"line":167,"column":59}},"78":{"start":{"line":172,"column":4},"end":{"line":175,"column":null}},"79":{"start":{"line":173,"column":6},"end":{"line":173,"column":34}},"80":{"start":{"line":174,"column":6},"end":{"line":174,"column":13}},"81":{"start":{"line":176,"column":4},"end":{"line":178,"column":null}},"82":{"start":{"line":177,"column":6},"end":{"line":177,"column":13}},"83":{"start":{"line":179,"column":23},"end":{"line":179,"column":70}},"84":{"start":{"line":180,"column":24},"end":{"line":180,"column":57}},"85":{"start":{"line":181,"column":4},"end":{"line":181,"column":67}},"86":{"start":{"line":182,"column":4},"end":{"line":182,"column":32}},"87":{"start":{"line":187,"column":4},"end":{"line":193,"column":null}},"88":{"start":{"line":188,"column":6},"end":{"line":188,"column":23}},"89":{"start":{"line":189,"column":11},"end":{"line":193,"column":null}},"90":{"start":{"line":190,"column":6},"end":{"line":190,"column":15}},"91":{"start":{"line":192,"column":6},"end":{"line":192,"column":33}},"92":{"start":{"line":198,"column":27},"end":{"line":198,"column":49}},"93":{"start":{"line":199,"column":23},"end":{"line":199,"column":53}},"94":{"start":{"line":200,"column":4},"end":{"line":200,"column":81}},"95":{"start":{"line":200,"column":37},"end":{"line":200,"column":81}},"96":{"start":{"line":202,"column":4},"end":{"line":202,"column":41}},"97":{"start":{"line":203,"column":4},"end":{"line":203,"column":55}},"98":{"start":{"line":204,"column":4},"end":{"line":204,"column":59}},"99":{"start":{"line":23,"column":0},"end":{"line":23,"column":13}}},"fnMap":{"0":{"name":"(anonymous_0)","decl":{"start":{"line":6,"column":19},"end":{"line":6,"column":22}},"loc":{"start":{"line":6,"column":24},"end":{"line":8,"column":1}}},"1":{"name":"(anonymous_1)","decl":{"start":{"line":38,"column":2},"end":{"line":38,"column":null}},"loc":{"start":{"line":44,"column":24},"end":{"line":59,"column":3}}},"2":{"name":"(anonymous_2)","decl":{"start":{"line":62,"column":2},"end":{"line":62,"column":15}},"loc":{"start":{"line":62,"column":46},"end":{"line":64,"column":3}}},"3":{"name":"(anonymous_3)","decl":{"start":{"line":67,"column":2},"end":{"line":67,"column":21}},"loc":{"start":{"line":67,"column":71},"end":{"line":114,"column":3}}},"4":{"name":"(anonymous_4)","decl":{"start":{"line":117,"column":2},"end":{"line":117,"column":16}},"loc":{"start":{"line":117,"column":66},"end":{"line":144,"column":3}}},"5":{"name":"(anonymous_5)","decl":{"start":{"line":147,"column":2},"end":{"line":147,"column":15}},"loc":{"start":{"line":147,"column":47},"end":{"line":156,"column":3}}},"6":{"name":"(anonymous_6)","decl":{"start":{"line":159,"column":2},"end":{"line":159,"column":7}},"loc":{"start":{"line":159,"column":23},"end":{"line":161,"column":3}}},"7":{"name":"(anonymous_7)","decl":{"start":{"line":164,"column":2},"end":{"line":164,"column":17}},"loc":{"start":{"line":164,"column":32},"end":{"line":168,"column":3}}},"8":{"name":"(anonymous_8)","decl":{"start":{"line":171,"column":10},"end":{"line":171,"column":21}},"loc":{"start":{"line":171,"column":21},"end":{"line":183,"column":3}}},"9":{"name":"(anonymous_9)","decl":{"start":{"line":186,"column":10},"end":{"line":186,"column":24}},"loc":{"start":{"line":186,"column":49},"end":{"line":194,"column":3}}},"10":{"name":"(anonymous_10)","decl":{"start":{"line":197,"column":10},"end":{"line":197,"column":29}},"loc":{"start":{"line":197,"column":56},"end":{"line":205,"column":3}}}},"branchMap":{"0":{"loc":{"start":{"line":68,"column":4},"end":{"line":68,"column":58}},"type":"if","locations":[{"start":{"line":68,"column":4},"end":{"line":68,"column":58}}]},"1":{"loc":{"start":{"line":69,"column":4},"end":{"line":69,"column":88}},"type":"if","locations":[{"start":{"line":69,"column":4},"end":{"line":69,"column":88}}]},"2":{"loc":{"start":{"line":69,"column":8},"end":{"line":69,"column":54}},"type":"binary-expr","locations":[{"start":{"line":69,"column":8},"end":{"line":69,"column":30}},{"start":{"line":69,"column":34},"end":{"line":69,"column":54}}]},"3":{"loc":{"start":{"line":70,"column":4},"end":{"line":70,"column":55}},"type":"if","locations":[{"start":{"line":70,"column":4},"end":{"line":70,"column":55}}]},"4":{"loc":{"start":{"line":75,"column":4},"end":{"line":77,"column":null}},"type":"if","locations":[{"start":{"line":75,"column":4},"end":{"line":77,"column":null}}]},"5":{"loc":{"start":{"line":80,"column":4},"end":{"line":82,"column":null}},"type":"if","locations":[{"start":{"line":80,"column":4},"end":{"line":82,"column":null}}]},"6":{"loc":{"start":{"line":85,"column":4},"end":{"line":87,"column":null}},"type":"if","locations":[{"start":{"line":85,"column":4},"end":{"line":87,"column":null}}]},"7":{"loc":{"start":{"line":89,"column":4},"end":{"line":97,"column":null}},"type":"if","locations":[{"start":{"line":89,"column":4},"end":{"line":97,"column":null}}]},"8":{"loc":{"start":{"line":100,"column":4},"end":{"line":102,"column":null}},"type":"if","locations":[{"start":{"line":100,"column":4},"end":{"line":102,"column":null}}]},"9":{"loc":{"start":{"line":118,"column":4},"end":{"line":118,"column":59}},"type":"if","locations":[{"start":{"line":118,"column":4},"end":{"line":118,"column":59}}]},"10":{"loc":{"start":{"line":119,"column":4},"end":{"line":119,"column":55}},"type":"if","locations":[{"start":{"line":119,"column":4},"end":{"line":119,"column":55}}]},"11":{"loc":{"start":{"line":122,"column":4},"end":{"line":122,"column":80}},"type":"if","locations":[{"start":{"line":122,"column":4},"end":{"line":122,"column":80}}]},"12":{"loc":{"start":{"line":123,"column":4},"end":{"line":123,"column":76}},"type":"if","locations":[{"start":{"line":123,"column":4},"end":{"line":123,"column":76}}]},"13":{"loc":{"start":{"line":129,"column":4},"end":{"line":132,"column":null}},"type":"if","locations":[{"start":{"line":129,"column":4},"end":{"line":132,"column":null}}]},"14":{"loc":{"start":{"line":150,"column":4},"end":{"line":154,"column":null}},"type":"if","locations":[{"start":{"line":150,"column":4},"end":{"line":154,"column":null}}]},"15":{"loc":{"start":{"line":150,"column":8},"end":{"line":150,"column":68}},"type":"binary-expr","locations":[{"start":{"line":150,"column":8},"end":{"line":150,"column":35}},{"start":{"line":150,"column":39},"end":{"line":150,"column":68}}]},"16":{"loc":{"start":{"line":172,"column":4},"end":{"line":175,"column":null}},"type":"if","locations":[{"start":{"line":172,"column":4},"end":{"line":175,"column":null}}]},"17":{"loc":{"start":{"line":176,"column":4},"end":{"line":178,"column":null}},"type":"if","locations":[{"start":{"line":176,"column":4},"end":{"line":178,"column":null}}]},"18":{"loc":{"start":{"line":187,"column":4},"end":{"line":193,"column":null}},"type":"if","locations":[{"start":{"line":187,"column":4},"end":{"line":193,"column":null}},{"start":{"line":189,"column":11},"end":{"line":193,"column":null}}]},"19":{"loc":{"start":{"line":189,"column":11},"end":{"line":193,"column":null}},"type":"if","locations":[{"start":{"line":189,"column":11},"end":{"line":193,"column":null}},{"start":{"line":191,"column":11},"end":{"line":193,"column":null}}]},"20":{"loc":{"start":{"line":200,"column":4},"end":{"line":200,"column":81}},"type":"if","locations":[{"start":{"line":200,"column":4},"end":{"line":200,"column":81}}]}},"s":{"0":1,"1":1,"2":45,"3":1,"4":1,"5":1,"6":1,"7":1,"8":1,"9":1,"10":1,"11":1,"12":1,"13":1,"14":1,"15":1,"16":1,"17":6,"18":7,"19":1,"20":6,"21":1,"22":5,"23":1,"24":4,"25":4,"26":2,"27":4,"28":4,"29":3,"30":4,"31":2,"32":4,"33":3,"34":4,"35":4,"36":1,"37":4,"38":4,"39":4,"40":4,"41":4,"42":4,"43":4,"44":4,"45":8,"46":1,"47":7,"48":1,"49":6,"50":6,"51":1,"52":5,"53":1,"54":4,"55":4,"56":4,"57":4,"58":4,"59":4,"60":3,"61":3,"62":3,"63":3,"64":3,"65":3,"66":3,"67":1,"68":1,"69":1,"70":1,"71":1,"72":1,"73":1,"74":4,"75":1,"76":1,"77":1,"78":8,"79":1,"80":1,"81":7,"82":2,"83":5,"84":5,"85":5,"86":5,"87":6,"88":2,"89":4,"90":2,"91":2,"92":4,"93":4,"94":4,"95":1,"96":3,"97":3,"98":3,"99":1},"f":{"0":45,"1":1,"2":6,"3":7,"4":8,"5":1,"6":4,"7":1,"8":8,"9":6,"10":4},"b":{"0":[1],"1":[1],"2":[6,5],"3":[1],"4":[2],"5":[3],"6":[2],"7":[3],"8":[1],"9":[1],"10":[1],"11":[1],"12":[1],"13":[4],"14":[1],"15":[1,1],"16":[1],"17":[2],"18":[2,4],"19":[2,2],"20":[1]}}
,"/Volumes/Data/Projects/nhancv/stakingpooljs/src/token.ts": {"path":"/Volumes/Data/Projects/nhancv/stakingpooljs/src/token.ts","statementMap":{"0":{"start":{"line":5,"column":4},"end":{"line":5,"column":24}},"1":{"start":{"line":9,"column":4},"end":{"line":9,"column":55}},"2":{"start":{"line":9,"column":21},"end":{"line":9,"column":55}},"3":{"start":{"line":11,"column":4},"end":{"line":11,"column":56}},"4":{"start":{"line":11,"column":31},"end":{"line":11,"column":56}},"5":{"start":{"line":12,"column":4},"end":{"line":12,"column":52}},"6":{"start":{"line":12,"column":29},"end":{"line":12,"column":52}},"7":{"start":{"line":14,"column":4},"end":{"line":14,"column":79}},"8":{"start":{"line":14,"column":39},"end":{"line":14,"column":79}},"9":{"start":{"line":16,"column":4},"end":{"line":16,"column":35}},"10":{"start":{"line":17,"column":4},"end":{"line":17,"column":33}},"11":{"start":{"line":21,"column":4},"end":{"line":21,"column":55}},"12":{"start":{"line":21,"column":21},"end":{"line":21,"column":55}},"13":{"start":{"line":23,"column":4},"end":{"line":24,"column":38}},"14":{"start":{"line":23,"column":29},"end":{"line":23,"column":57}},"15":{"start":{"line":24,"column":9},"end":{"line":24,"column":38}},"16":{"start":{"line":1,"column":0},"end":{"line":1,"column":13}}},"fnMap":{"0":{"name":"(anonymous_0)","decl":{"start":{"line":4,"column":2},"end":{"line":4,"column":null}},"loc":{"start":{"line":4,"column":2},"end":{"line":6,"column":3}}},"1":{"name":"(anonymous_1)","decl":{"start":{"line":8,"column":2},"end":{"line":8,"column":10}},"loc":{"start":{"line":8,"column":51},"end":{"line":18,"column":3}}},"2":{"name":"(anonymous_2)","decl":{"start":{"line":20,"column":2},"end":{"line":20,"column":6}},"loc":{"start":{"line":20,"column":33},"end":{"line":25,"column":3}}}},"branchMap":{"0":{"loc":{"start":{"line":9,"column":4},"end":{"line":9,"column":55}},"type":"if","locations":[{"start":{"line":9,"column":4},"end":{"line":9,"column":55}}]},"1":{"loc":{"start":{"line":11,"column":4},"end":{"line":11,"column":56}},"type":"if","locations":[{"start":{"line":11,"column":4},"end":{"line":11,"column":56}}]},"2":{"loc":{"start":{"line":12,"column":4},"end":{"line":12,"column":52}},"type":"if","locations":[{"start":{"line":12,"column":4},"end":{"line":12,"column":52}}]},"3":{"loc":{"start":{"line":14,"column":4},"end":{"line":14,"column":79}},"type":"if","locations":[{"start":{"line":14,"column":4},"end":{"line":14,"column":79}}]},"4":{"loc":{"start":{"line":21,"column":4},"end":{"line":21,"column":55}},"type":"if","locations":[{"start":{"line":21,"column":4},"end":{"line":21,"column":55}}]},"5":{"loc":{"start":{"line":23,"column":4},"end":{"line":24,"column":38}},"type":"if","locations":[{"start":{"line":23,"column":4},"end":{"line":24,"column":38}},{"start":{"line":24,"column":9},"end":{"line":24,"column":38}}]}},"s":{"0":2,"1":12,"2":1,"3":11,"4":1,"5":11,"6":6,"7":11,"8":1,"9":10,"10":10,"11":5,"12":1,"13":4,"14":3,"15":1,"16":1},"f":{"0":2,"1":12,"2":5},"b":{"0":[1],"1":[1],"2":[6],"3":[1],"4":[1],"5":[3,1]}}
}
