TN:
SF:src/pool.ts
FN:6,(anonymous_0)
FN:38,(anonymous_1)
FN:62,(anonymous_2)
FN:67,(anonymous_3)
FN:117,(anonymous_4)
FN:147,(anonymous_5)
FN:159,(anonymous_6)
FN:164,(anonymous_7)
FN:171,(anonymous_8)
FN:186,(anonymous_9)
FN:197,(anonymous_10)
FNF:11
FNH:11
FNDA:45,(anonymous_0)
FNDA:1,(anonymous_1)
FNDA:6,(anonymous_2)
FNDA:7,(anonymous_3)
FNDA:8,(anonymous_4)
FNDA:1,(anonymous_5)
FNDA:4,(anonymous_6)
FNDA:1,(anonymous_7)
FNDA:8,(anonymous_8)
FNDA:6,(anonymous_9)
FNDA:4,(anonymous_10)
DA:3,1
DA:6,1
DA:7,45
DA:23,1
DA:46,1
DA:47,1
DA:48,1
DA:49,1
DA:50,1
DA:51,1
DA:52,1
DA:53,1
DA:54,1
DA:55,1
DA:56,1
DA:57,1
DA:58,1
DA:63,6
DA:68,7
DA:69,6
DA:70,5
DA:72,4
DA:75,4
DA:76,2
DA:79,4
DA:80,4
DA:81,3
DA:85,4
DA:86,2
DA:89,4
DA:90,3
DA:99,4
DA:100,4
DA:101,1
DA:104,4
DA:106,4
DA:107,4
DA:109,4
DA:110,4
DA:111,4
DA:112,4
DA:113,4
DA:118,8
DA:119,7
DA:121,6
DA:122,6
DA:123,5
DA:125,4
DA:127,4
DA:128,4
DA:129,4
DA:130,4
DA:131,4
DA:134,3
DA:135,3
DA:136,3
DA:138,3
DA:139,3
DA:141,3
DA:143,3
DA:148,1
DA:149,1
DA:150,1
DA:151,1
DA:152,1
DA:153,1
DA:155,1
DA:160,4
DA:165,1
DA:166,1
DA:167,1
DA:172,8
DA:173,1
DA:174,1
DA:176,7
DA:177,2
DA:179,5
DA:180,5
DA:181,5
DA:182,5
DA:187,6
DA:188,2
DA:189,4
DA:190,2
DA:192,2
DA:198,4
DA:199,4
DA:200,4
DA:202,3
DA:203,3
DA:204,3
LF:91
LH:91
BRDA:68,0,0,1
BRDA:69,1,0,1
BRDA:69,2,0,6
BRDA:69,2,1,5
BRDA:70,3,0,1
BRDA:75,4,0,2
BRDA:80,5,0,3
BRDA:85,6,0,2
BRDA:89,7,0,3
BRDA:100,8,0,1
BRDA:118,9,0,1
BRDA:119,10,0,1
BRDA:122,11,0,1
BRDA:123,12,0,1
BRDA:129,13,0,4
BRDA:150,14,0,1
BRDA:150,15,0,1
BRDA:150,15,1,1
BRDA:172,16,0,1
BRDA:176,17,0,2
BRDA:187,18,0,2
BRDA:187,18,1,4
BRDA:189,19,0,2
BRDA:189,19,1,2
BRDA:200,20,0,1
BRF:25
BRH:25
end_of_record
TN:
SF:src/token.ts
FN:4,(anonymous_0)
FN:8,(anonymous_1)
FN:20,(anonymous_2)
FNF:3
FNH:3
FNDA:2,(anonymous_0)
FNDA:12,(anonymous_1)
FNDA:5,(anonymous_2)
DA:1,1
DA:5,2
DA:9,12
DA:11,11
DA:12,11
DA:14,11
DA:16,10
DA:17,10
DA:21,5
DA:23,4
DA:24,1
LF:11
LH:11
BRDA:9,0,0,1
BRDA:11,1,0,1
BRDA:12,2,0,6
BRDA:14,3,0,1
BRDA:21,4,0,1
BRDA:23,5,0,3
BRDA:23,5,1,1
BRF:7
BRH:7
end_of_record
